<?xml version="1.0" encoding="UTF-8"?>
<!-- Generated by org.testng.reporters.JUnitXMLReporter -->
<testsuite ignored="0" hostname="Vivek" failures="0" tests="1" name="chromeTest" time="0.034" errors="0" timestamp="2024-09-10T11:51:22 IST">
  <testcase classname="testngpkg.Crossbrowsing" name="@BeforeTest setup" time="-1.725949282545E9">
    <failure type="org.testng.TestNGException" message="
Parameter &amp;apos;browser&amp;apos; is required by BeforeTest on method setup but has not been marked @Optional or defined
in C:\Users\vivek\eclipse-workspace\Webdriverproject\testngcrossbrowser.xml">
      <![CDATA[org.testng.TestNGException: 
Parameter 'browser' is required by BeforeTest on method setup but has not been marked @Optional or defined
in C:\Users\vivek\eclipse-workspace\Webdriverproject\testngcrossbrowser.xml
... Removed 21 stack frames]]>
    </failure>
  </testcase> <!-- @BeforeTest setup -->
  <testcase classname="testngpkg.Crossbrowsing" name="test" time="0.0">
    <skipped/>
  </testcase> <!-- test -->
</testsuite> <!-- chromeTest -->
